The perturbed instance:

- sentences
example:
['This was the worst restaurant I have ever had the misfortune of eating at.', '[MASK] was the worst restaurant I [MASK] [MASK] had the misfortune [MASK] eating at.', 'This [MASK] the [MASK] [MASK] I have [MASK] had the [MASK] [MASK] eating [MASK].', 'This [MASK] [MASK] worst restaurant I have [MASK] [MASK] the misfortune [MASK] eating [MASK].', '[MASK] [MASK] [MASK] [MASK] [MASK] [MASK] have [MASK] [MASK] [MASK] [MASK] [MASK] [MASK] [MASK].'] 

[[]] 

- distances
shape: (1001,)
example:
[ 0.         15.48457453 29.28932188 24.4071054  73.27387581] 

- explainable repr.
shape: (1001, 28)
example:
[[1 0 1 0 1 0 1 0 1 0 1 0 1 0 1 0 1 0 1 0 1 0 1 0 1 0 1 0]
 [0 0 1 0 1 0 1 0 1 0 1 0 0 0 0 0 1 0 1 0 1 0 0 0 1 0 1 0]
 [1 0 0 0 1 0 0 0 0 0 1 0 1 0 0 0 1 0 1 0 0 0 0 0 1 0 0 0]
 [1 0 0 0 0 0 1 0 1 0 1 0 1 0 0 0 0 0 1 0 1 0 0 0 1 0 0 0]
 [0 0 0 0 0 0 0 0 0 0 0 0 1 0 0 0 0 0 0 0 0 0 0 0 0 0 0 0]] 

- The maximum number of features: None
- probs (predicted by logits (by bert repr.))
shape: (1001, 2)
example:
[[0.99899799 0.00100205]
 [0.99864739 0.00135258]
 [0.63330257 0.36669746]
 [0.99886811 0.00113197]
 [0.21266539 0.78733462]] 

- token features (estimated by model g)
example:
class: negative
[('worst', 0.4908662910353718), ('misfortune', 0.19648099057622131), ('This', 0.06614839394051823), ('of', 0.0661455278383111), ('I', 0.06278579959803474), ('eating', 0.06054524612805289), ('the', 0.05637019127940448), ('have', 0.04045849951641159), ('the', 0.034133854824121276), ('ever', 0.033699854774574135), ('was', 0.032373829172789484), ('had', 0.020613413704878666), ('restaurant', 0.01990287053245183), ('at', 0.006460280945770449), (' ', 0.0), (' ', 0.0), (' ', 0.0), (' ', 0.0), ('.', 0.0), (' ', 0.0), (' ', 0.0), (' ', 0.0), (' ', 0.0), (' ', 0.0), (' ', 0.0), (' ', 0.0), (' ', 0.0), (' ', 0.0)] 

class: positive
[('worst', -0.40560679258215676), ('misfortune', -0.11706661712399102), ('restaurant', 0.08579727515660576), ('was', 0.08454017421238512), ('have', 0.07913795724607271), ('the', 0.07607044523648586), ('had', 0.07605596508663587), ('at', 0.069731342701707), ('the', 0.052839550780783326), ('ever', 0.045914348790078004), ('I', 0.03961601820974929), ('eating', 0.03199698217255582), ('of', 0.02200455071633347), ('This', 0.02055727324186956), (' ', 0.0), (' ', 0.0), (' ', 0.0), (' ', 0.0), ('.', 0.0), (' ', 0.0), (' ', 0.0), (' ', 0.0), (' ', 0.0), (' ', 0.0), (' ', 0.0), (' ', 0.0), (' ', 0.0), (' ', 0.0)] 

