The perturbed instance:

- sentences
example:
['A black race car starts up in front of a crowd of people', 'A black race car starts up in front of a crowd of people', 'A black race car starts up in front of a crowd of people', 'A black race car starts up in front of a crowd of people', 'A black race car starts up in front of a crowd of people'] 

['A man is driving down a lonely road.', '[MASK] man [MASK] driving down [MASK] lonely [MASK].', '[MASK] [MASK] [MASK] [MASK] down [MASK] [MASK] [MASK].', '[MASK] [MASK] is [MASK] [MASK] a [MASK] [MASK].', '[MASK] [MASK] is driving [MASK] [MASK] lonely [MASK].'] 

- distances
shape: (1001,)
example:
[1.11022302e-14 2.92893219e+01 6.46446609e+01 5.00000000e+01
 3.87627564e+01] 

- explainable repr.
shape: (1001, 41)
example:
[[0 0 0 0 0 0 0 0 0 0 0 0 0 0 0 0 0 0 0 0 0 0 0 0 0 1 0 1 0 1 0 1 0 1 0 1
  0 1 0 1 0]
 [0 0 0 0 0 0 0 0 0 0 0 0 0 0 0 0 0 0 0 0 0 0 0 0 0 0 0 1 0 0 0 1 0 1 0 0
  0 1 0 0 0]
 [0 0 0 0 0 0 0 0 0 0 0 0 0 0 0 0 0 0 0 0 0 0 0 0 0 0 0 0 0 0 0 0 0 1 0 0
  0 0 0 0 0]
 [0 0 0 0 0 0 0 0 0 0 0 0 0 0 0 0 0 0 0 0 0 0 0 0 0 0 0 0 0 1 0 0 0 0 0 1
  0 0 0 0 0]
 [0 0 0 0 0 0 0 0 0 0 0 0 0 0 0 0 0 0 0 0 0 0 0 0 0 0 0 0 0 1 0 1 0 0 0 0
  0 1 0 0 0]] 

- The maximum number of features: None
- probs (predicted by logits (by bert repr.))
shape: (1001, 3)
example:
[[9.99933600e-01 7.24129768e-06 5.91749813e-05]
 [9.99904394e-01 9.97718598e-06 8.56175830e-05]
 [9.93448675e-01 2.64701550e-03 3.90432752e-03]
 [2.94414043e-01 6.05683982e-01 9.99020040e-02]
 [9.99801099e-01 2.46660147e-05 1.74235407e-04]] 

- token features (estimated by model g)
example:
class: entailment
[('lonely', 0.2215432578955843), ('down', 0.2047325939792451), ('driving', 0.19417391880634002), ('man', 0.1753088846916844), ('A', 0.15933026644752007), ('a', 0.1496116508932157), ('is', 0.14165989927088934), ('road', 0.12812309286658655), ('.', 0.0), (' ', 0.0), ('in', 0.0), (' ', 0.0), ('up', 0.0), (' ', 0.0), ('starts', 0.0), ('car', 0.0), (' ', 0.0), (' ', 0.0), (' ', 0.0), ('race', 0.0), (' ', 0.0), ('black', 0.0), (' ', 0.0), ('front', 0.0), ('crowd', 0.0), ('of', 0.0), (' ', 0.0), ('a', 0.0), (' ', 0.0), (' ', 0.0), ('of', 0.0), (' ', 0.0), ('people', 0.0), (' ', 0.0), (' ', 0.0), (' ', 0.0), (' ', 0.0), (' ', 0.0), (' ', 0.0), (' ', 0.0), ('A', 0.0)] 

class: neutral
[('is', 0.015937003246464628), ('lonely', -0.014021748624948748), ('A', 0.01161425917172087), ('road', 0.009578813207672154), ('down', -0.008914295726876397), ('driving', -0.008695464732977666), ('a', 0.007754524548708733), ('man', -0.005386688739523667), ('.', 0.0), (' ', 0.0), ('in', 0.0), (' ', 0.0), ('up', 0.0), (' ', 0.0), ('starts', 0.0), ('car', 0.0), (' ', 0.0), (' ', 0.0), (' ', 0.0), ('race', 0.0), (' ', 0.0), ('black', 0.0), (' ', 0.0), ('front', 0.0), ('crowd', 0.0), ('of', 0.0), (' ', 0.0), ('a', 0.0), (' ', 0.0), (' ', 0.0), ('of', 0.0), (' ', 0.0), ('people', 0.0), (' ', 0.0), (' ', 0.0), (' ', 0.0), (' ', 0.0), (' ', 0.0), (' ', 0.0), (' ', 0.0), ('A', 0.0)] 

class: contradiction
[('lonely', -0.02472322187140605), ('is', 0.013561290729932299), ('down', -0.013241081218455878), ('road', 0.013179102979934604), ('a', 0.012750729974322592), ('A', 0.005161864984866395), ('driving', 0.004094541767661491), ('man', 0.0025561745369433366), ('.', 0.0), (' ', 0.0), ('in', 0.0), (' ', 0.0), ('up', 0.0), (' ', 0.0), ('starts', 0.0), ('car', 0.0), (' ', 0.0), (' ', 0.0), (' ', 0.0), ('race', 0.0), (' ', 0.0), ('black', 0.0), (' ', 0.0), ('front', 0.0), ('crowd', 0.0), ('of', 0.0), (' ', 0.0), ('a', 0.0), (' ', 0.0), (' ', 0.0), ('of', 0.0), (' ', 0.0), ('people', 0.0), (' ', 0.0), (' ', 0.0), (' ', 0.0), (' ', 0.0), (' ', 0.0), (' ', 0.0), (' ', 0.0), ('A', 0.0)] 

