The perturbed instance:

- sentences
example:
['A black race car starts up in front of a crowd of people.', 'A black race car starts up in front of a crowd of people.', 'A black race car starts up in front of a crowd of people.', 'A black race car starts up in front of a crowd of people.', 'A black race car starts up in front of a crowd of people.'] 

['A man is driving down a lonely road.', 'A man is [MASK] [MASK] [MASK] [MASK] road.', '[MASK] [MASK] [MASK] [MASK] [MASK] a [MASK] [MASK].', '[MASK] man [MASK] driving [MASK] [MASK] [MASK] [MASK].', '[MASK] [MASK] is driving [MASK] [MASK] [MASK] road.'] 

- distances
shape: (5001,)
example:
[1.11022302e-14 2.92893219e+01 6.46446609e+01 5.00000000e+01
 3.87627564e+01] 

- explainable repr.
shape: (5001, 42)
example:
[[0 0 0 0 0 0 0 0 0 0 0 0 0 0 0 0 0 0 0 0 0 0 0 0 0 0 1 0 1 0 1 0 1 0 1 0
  1 0 1 0 1 0]
 [0 0 0 0 0 0 0 0 0 0 0 0 0 0 0 0 0 0 0 0 0 0 0 0 0 0 1 0 1 0 1 0 0 0 0 0
  0 0 0 0 1 0]
 [0 0 0 0 0 0 0 0 0 0 0 0 0 0 0 0 0 0 0 0 0 0 0 0 0 0 0 0 0 0 0 0 0 0 0 0
  1 0 0 0 0 0]
 [0 0 0 0 0 0 0 0 0 0 0 0 0 0 0 0 0 0 0 0 0 0 0 0 0 0 0 0 1 0 0 0 1 0 0 0
  0 0 0 0 0 0]
 [0 0 0 0 0 0 0 0 0 0 0 0 0 0 0 0 0 0 0 0 0 0 0 0 0 0 0 0 0 0 1 0 1 0 0 0
  0 0 0 0 1 0]] 

- The maximum number of features: None
- probs (predicted by logits (by bert repr.))
shape: (5001, 3)
example:
[[9.99938607e-01 6.86164140e-06 5.44397990e-05]
 [8.43478858e-01 7.06147626e-02 8.59064013e-02]
 [8.07637393e-01 1.24076575e-01 6.82860017e-02]
 [9.11970735e-01 1.65052004e-02 7.15240464e-02]
 [8.46979976e-01 4.01244797e-02 1.12895608e-01]] 

- token features (estimated by model g)
example:
class: entailment
[('lonely', 0.23432660865061192), ('down', 0.21857071581652257), ('man', 0.18385050655152294), ('driving', 0.18299035239230918), ('a', 0.1433573450874131), ('A', 0.14324522843741552), ('road', 0.13475915674197142), ('is', 0.11891554373253371), ('.', 0.0), ('starts', 0.0), ('front', 0.0), (' ', 0.0), ('in', 0.0), (' ', 0.0), ('up', 0.0), (' ', 0.0), ('car', 0.0), (' ', 0.0), ('of', 0.0), (' ', 0.0), ('race', 0.0), (' ', 0.0), ('black', 0.0), (' ', 0.0), (' ', 0.0), ('crowd', 0.0), (' ', 0.0), ('a', 0.0), (' ', 0.0), (' ', 0.0), ('of', 0.0), (' ', 0.0), ('people', 0.0), ('.', 0.0), (' ', 0.0), (' ', 0.0), (' ', 0.0), (' ', 0.0), (' ', 0.0), (' ', 0.0), (' ', 0.0), ('A', 0.0)] 

class: neutral
[('is', 0.028876480803846985), ('lonely', -0.026763599665398926), ('A', 0.019522249428445108), ('a', 0.01564552779419579), ('driving', -0.015245834812890886), ('road', 0.014291410656750604), ('down', -0.013903445020023894), ('man', -0.010123104648719936), ('.', 0.0), ('starts', 0.0), ('front', 0.0), (' ', 0.0), ('in', 0.0), (' ', 0.0), ('up', 0.0), (' ', 0.0), ('car', 0.0), (' ', 0.0), ('of', 0.0), (' ', 0.0), ('race', 0.0), (' ', 0.0), ('black', 0.0), (' ', 0.0), (' ', 0.0), ('crowd', 0.0), (' ', 0.0), ('a', 0.0), (' ', 0.0), (' ', 0.0), ('of', 0.0), (' ', 0.0), ('people', 0.0), ('.', 0.0), (' ', 0.0), (' ', 0.0), (' ', 0.0), (' ', 0.0), (' ', 0.0), (' ', 0.0), (' ', 0.0), ('A', 0.0)] 

class: contradiction
[('lonely', -0.04445098090376805), ('is', 0.023414377419409903), ('road', 0.02282977964402887), ('a', 0.02037424342752913), ('down', -0.019051573862058364), ('A', 0.00952751872544299), ('man', 0.005852247137181632), ('driving', 0.0023015078556150913), ('.', 0.0), ('starts', 0.0), ('front', 0.0), (' ', 0.0), ('in', 0.0), (' ', 0.0), ('up', 0.0), (' ', 0.0), ('car', 0.0), (' ', 0.0), ('of', 0.0), (' ', 0.0), ('race', 0.0), (' ', 0.0), ('black', 0.0), (' ', 0.0), (' ', 0.0), ('crowd', 0.0), (' ', 0.0), ('a', 0.0), (' ', 0.0), (' ', 0.0), ('of', 0.0), (' ', 0.0), ('people', 0.0), ('.', 0.0), (' ', 0.0), (' ', 0.0), (' ', 0.0), (' ', 0.0), (' ', 0.0), (' ', 0.0), (' ', 0.0), ('A', 0.0)] 

