The perturbed instance:

- sentences
example:
['This was the worst restaurant I have ever had the misfortune of eating at.', '[MASK] was the [MASK] [MASK] I have [MASK] had the misfortune of eating at.', '[MASK] [MASK] [MASK] [MASK] [MASK] I have ever had the misfortune [MASK] eating [MASK].', 'This was [MASK] worst restaurant [MASK] [MASK] [MASK] had the misfortune [MASK] [MASK] at.', '[MASK] was [MASK] [MASK] [MASK] [MASK] [MASK] [MASK] [MASK] [MASK] [MASK] [MASK] [MASK] [MASK].'] 

[[]] 

- distances
shape: (5001,)
example:
[ 0.         15.48457453 29.28932188 24.4071054  73.27387581] 

- explainable repr.
shape: (5001, 28)
example:
[[1 0 1 0 1 0 1 0 1 0 1 0 1 0 1 0 1 0 1 0 1 0 1 0 1 0 1 0]
 [0 0 1 0 1 0 0 0 0 0 1 0 1 0 0 0 1 0 1 0 1 0 1 0 1 0 1 0]
 [0 0 0 0 0 0 0 0 0 0 1 0 1 0 1 0 1 0 1 0 1 0 0 0 1 0 0 0]
 [1 0 1 0 0 0 1 0 1 0 0 0 0 0 0 0 1 0 1 0 1 0 0 0 0 0 1 0]
 [0 0 1 0 0 0 0 0 0 0 0 0 0 0 0 0 0 0 0 0 0 0 0 0 0 0 0 0]] 

- The maximum number of features: None
- probs (predicted by logits (by bert repr.))
shape: (5001, 2)
example:
[[0.99899799 0.00100205]
 [0.33778492 0.66221505]
 [0.92923206 0.07076793]
 [0.99883133 0.00116868]
 [0.50305229 0.49694771]] 

- token features (estimated by model g)
example:
class: negative
[('worst', 0.49992040889145234), ('misfortune', 0.21225750889581796), ('This', 0.07010591830995727), ('the', 0.06138046657307554), ('eating', 0.05776982190668289), ('of', 0.05764373320279109), ('I', 0.04483960010495005), ('had', 0.0422399046249595), ('have', 0.04070408509596949), ('at', 0.026035615090114095), ('restaurant', 0.02367796019618134), ('ever', 0.0191441397962923), ('was', 0.01811757562031799), ('the', 0.01718113156660447), (' ', 0.0), (' ', 0.0), (' ', 0.0), (' ', 0.0), ('.', 0.0), (' ', 0.0), (' ', 0.0), (' ', 0.0), (' ', 0.0), (' ', 0.0), (' ', 0.0), (' ', 0.0), (' ', 0.0), (' ', 0.0)] 

class: positive
[('worst', -0.397161570730856), ('misfortune', -0.11821729177836444), ('the', 0.08444080874075602), ('at', 0.07835749533758316), ('restaurant', 0.07663788349516953), ('was', 0.07155682202631845), ('ever', 0.059905855946447546), ('had', 0.058253770120248766), ('I', 0.05529296905308055), ('have', 0.0479739026133009), ('This', 0.04137906289828325), ('of', 0.040760178578133875), ('the', 0.03441406343792306), ('eating', 0.030584589627756332), (' ', 0.0), (' ', 0.0), (' ', 0.0), (' ', 0.0), ('.', 0.0), (' ', 0.0), (' ', 0.0), (' ', 0.0), (' ', 0.0), (' ', 0.0), (' ', 0.0), (' ', 0.0), (' ', 0.0), (' ', 0.0)] 

